mode: set
prometheus-sabnzbd-exporter/internal/config/config.go:30.65,33.19 3 1
prometheus-sabnzbd-exporter/internal/config/config.go:37.2,53.27 11 1
prometheus-sabnzbd-exporter/internal/config/config.go:59.2,59.61 1 1
prometheus-sabnzbd-exporter/internal/config/config.go:63.2,63.65 1 1
prometheus-sabnzbd-exporter/internal/config/config.go:67.2,69.16 3 1
prometheus-sabnzbd-exporter/internal/config/config.go:72.2,72.18 1 1
prometheus-sabnzbd-exporter/internal/config/config.go:33.19,36.3 2 0
prometheus-sabnzbd-exporter/internal/config/config.go:53.27,54.65 1 1
prometheus-sabnzbd-exporter/internal/config/config.go:54.65,56.4 1 0
prometheus-sabnzbd-exporter/internal/config/config.go:59.61,61.3 1 1
prometheus-sabnzbd-exporter/internal/config/config.go:63.65,65.3 1 0
prometheus-sabnzbd-exporter/internal/config/config.go:69.16,71.3 1 0
prometheus-sabnzbd-exporter/internal/config/config.go:76.35,83.2 1 1
prometheus-sabnzbd-exporter/internal/exporter/exporter.go:140.34,141.7 1 0
prometheus-sabnzbd-exporter/internal/exporter/exporter.go:144.2,144.10 1 0
prometheus-sabnzbd-exporter/internal/exporter/exporter.go:141.7,143.3 1 0
prometheus-sabnzbd-exporter/internal/exporter/exporter.go:156.58,158.34 2 0
prometheus-sabnzbd-exporter/internal/exporter/exporter.go:165.2,166.47 2 0
prometheus-sabnzbd-exporter/internal/exporter/exporter.go:158.34,164.3 5 0
prometheus-sabnzbd-exporter/internal/exporter/exporter.go:169.42,171.2 1 0
prometheus-sabnzbd-exporter/internal/exporter/exporter.go:173.50,175.2 1 0
prometheus-sabnzbd-exporter/internal/exporter/exporter.go:177.52,179.2 1 0
prometheus-sabnzbd-exporter/internal/exporter/exporter.go:187.46,191.2 1 0
prometheus-sabnzbd-exporter/internal/exporter/exporter.go:193.61,197.39 4 0
prometheus-sabnzbd-exporter/internal/exporter/exporter.go:197.39,199.40 2 0
prometheus-sabnzbd-exporter/internal/exporter/exporter.go:202.3,203.28 2 0
prometheus-sabnzbd-exporter/internal/exporter/exporter.go:199.40,201.4 1 0
prometheus-sabnzbd-exporter/internal/exporter/exporter.go:207.43,211.2 3 0
prometheus-sabnzbd-exporter/internal/exporter/exporter.go:213.70,217.2 3 0
prometheus-sabnzbd-exporter/internal/exporter/exporter.go:225.82,227.16 2 0
prometheus-sabnzbd-exporter/internal/exporter/exporter.go:230.2,234.8 1 0
prometheus-sabnzbd-exporter/internal/exporter/exporter.go:227.16,229.3 1 0
prometheus-sabnzbd-exporter/internal/exporter/exporter.go:237.71,239.16 2 0
prometheus-sabnzbd-exporter/internal/exporter/exporter.go:242.2,244.16 3 0
prometheus-sabnzbd-exporter/internal/exporter/exporter.go:247.2,249.16 3 0
prometheus-sabnzbd-exporter/internal/exporter/exporter.go:252.2,252.25 1 0
prometheus-sabnzbd-exporter/internal/exporter/exporter.go:239.16,241.3 1 0
prometheus-sabnzbd-exporter/internal/exporter/exporter.go:244.16,246.3 1 0
prometheus-sabnzbd-exporter/internal/exporter/exporter.go:249.16,251.3 1 0
prometheus-sabnzbd-exporter/internal/exporter/exporter.go:255.73,257.16 2 0
prometheus-sabnzbd-exporter/internal/exporter/exporter.go:260.2,262.16 3 0
prometheus-sabnzbd-exporter/internal/exporter/exporter.go:265.2,266.25 2 0
prometheus-sabnzbd-exporter/internal/exporter/exporter.go:257.16,259.3 1 0
prometheus-sabnzbd-exporter/internal/exporter/exporter.go:262.16,264.3 1 0
prometheus-sabnzbd-exporter/internal/exporter/exporter.go:269.64,290.2 20 0
prometheus-sabnzbd-exporter/internal/exporter/exporter.go:292.64,296.20 4 0
prometheus-sabnzbd-exporter/internal/exporter/exporter.go:305.2,305.20 1 0
prometheus-sabnzbd-exporter/internal/exporter/exporter.go:316.2,316.33 1 0
prometheus-sabnzbd-exporter/internal/exporter/exporter.go:325.2,382.50 20 0
prometheus-sabnzbd-exporter/internal/exporter/exporter.go:296.20,299.17 3 0
prometheus-sabnzbd-exporter/internal/exporter/exporter.go:303.3,303.13 1 0
prometheus-sabnzbd-exporter/internal/exporter/exporter.go:299.17,302.4 2 0
prometheus-sabnzbd-exporter/internal/exporter/exporter.go:305.20,308.17 3 0
prometheus-sabnzbd-exporter/internal/exporter/exporter.go:313.3,314.13 2 0
prometheus-sabnzbd-exporter/internal/exporter/exporter.go:308.17,312.4 2 0
prometheus-sabnzbd-exporter/internal/exporter/exporter.go:316.33,323.3 3 0
prometheus-sabnzbd-exporter/internal/exporter/exporter.go:382.50,392.3 3 0
